2025-04-13 15:47:57,155 INFO o.a.j.u.JMeterUtils: Setting Locale to en_EN
2025-04-13 15:47:57,164 INFO o.a.j.JMeter: Loading user properties from: /opt/homebrew/Cellar/jmeter/5.6.3/libexec/bin/user.properties
2025-04-13 15:47:57,165 INFO o.a.j.JMeter: Loading system properties from: /opt/homebrew/Cellar/jmeter/5.6.3/libexec/bin/system.properties
2025-04-13 15:47:57,167 INFO o.a.j.JMeter: Copyright (c) 1998-2024 The Apache Software Foundation
2025-04-13 15:47:57,167 INFO o.a.j.JMeter: Version 5.6.3
2025-04-13 15:47:57,167 INFO o.a.j.JMeter: java.version=21.0.6
2025-04-13 15:47:57,167 INFO o.a.j.JMeter: java.vm.name=OpenJDK 64-Bit Server VM
2025-04-13 15:47:57,167 INFO o.a.j.JMeter: os.name=Mac OS X
2025-04-13 15:47:57,167 INFO o.a.j.JMeter: os.arch=aarch64
2025-04-13 15:47:57,167 INFO o.a.j.JMeter: os.version=15.3.1
2025-04-13 15:47:57,167 INFO o.a.j.JMeter: file.encoding=UTF-8
2025-04-13 15:47:57,167 INFO o.a.j.JMeter: java.awt.headless=null
2025-04-13 15:47:57,167 INFO o.a.j.JMeter: Max memory     =1073741824
2025-04-13 15:47:57,167 INFO o.a.j.JMeter: Available Processors =12
2025-04-13 15:47:57,173 INFO o.a.j.JMeter: Default Locale=English (EN)
2025-04-13 15:47:57,173 INFO o.a.j.JMeter: JMeter  Locale=English (EN)
2025-04-13 15:47:57,173 INFO o.a.j.JMeter: JMeterHome=/opt/homebrew/Cellar/jmeter/5.6.3/libexec
2025-04-13 15:47:57,173 INFO o.a.j.JMeter: user.dir  =/Users/connorleung/Documents/GitHub/cs4218-2420-ecom-project-team22
2025-04-13 15:47:57,173 INFO o.a.j.JMeter: PWD       =/Users/connorleung/Documents/GitHub/cs4218-2420-ecom-project-team22
2025-04-13 15:47:57,175 INFO o.a.j.JMeter: IP: 127.0.0.1 Name: Connors-MacBook-Pro-3.local FullName: localhost
2025-04-13 15:47:57,180 INFO o.a.j.JMeter: Loaded icon properties from org/apache/jmeter/images/icon.properties
2025-04-13 15:47:57,405 INFO o.a.j.JMeterGuiLauncher: Setting LAF to: com.github.weisj.darklaf.DarkLaf:com.github.weisj.darklaf.theme.DarculaTheme
2025-04-13 15:47:58,110 INFO o.a.j.r.ClassFinder: Will scan jar /opt/homebrew/Cellar/jmeter/5.6.3/libexec/lib/ext/jmeter-plugins-manager-1.9.jar with filter ExtendsClassFilter [parents=[interface org.apache.jmeter.gui.action.Command], inner=false, contains=null, notContains=null]. Consider exposing JMeter plugins via META-INF/services, and add JMeter-Skip-Class-Scanning=true manifest attribute so JMeter can skip classfile scanning
2025-04-13 15:47:58,157 INFO o.a.j.r.ClassFinder: Will scan jar /opt/homebrew/Cellar/jmeter/5.6.3/libexec/lib/ext/jmeter-plugins-manager-1.9.jar with filter ExtendsClassFilter [parents=[interface org.apache.jmeter.gui.plugin.MenuCreator], inner=false, contains=null, notContains=null]. Consider exposing JMeter plugins via META-INF/services, and add JMeter-Skip-Class-Scanning=true manifest attribute so JMeter can skip classfile scanning
2025-04-13 15:47:58,203 INFO o.j.r.JARSourceHTTP: Requesting https://jmeter-plugins.org/repo/?installID=mac_os_x-91be3e6622aa9bcb01cfb44e69949f13-gui
2025-04-13 15:48:01,062 INFO o.j.r.PluginManager: Plugins Status: [jpgc-plugins-manager=1.9, jmeter-core=5.6.3, jmeter-ftp=5.6.3, jmeter-http=5.6.3, jmeter-jdbc=5.6.3, jmeter-jms=5.6.3, jmeter-junit=5.6.3, jmeter-java=5.6.3, jmeter-ldap=5.6.3, jmeter-mail=5.6.3, jmeter-mongodb=5.6.3, jmeter-native=5.6.3, jmeter-tcp=5.6.3, jmeter-components=5.6.3]
2025-04-13 15:48:01,062 INFO o.j.r.PluginManagerMenuItem: Plugins Manager has upgrades: [jpgc-plugins-manager]
2025-04-13 15:48:37,193 INFO o.a.j.s.FileServer: Default base='/Users/connorleung/Documents/GitHub/cs4218-2420-ecom-project-team22'
2025-04-13 15:48:37,194 INFO o.a.j.g.a.Load: Loading file: /Users/connorleung/Documents/GitHub/cs4218-2420-ecom-project-team22/performance-tests/connor/LoadTesting.jmx
2025-04-13 15:48:37,195 INFO o.a.j.s.FileServer: Set new base='/Users/connorleung/Documents/GitHub/cs4218-2420-ecom-project-team22/performance-tests/connor'
2025-04-13 15:48:37,259 INFO o.a.j.s.SaveService: Testplan (JMX) version: 2.2. Testlog (JTL) version: 2.2
2025-04-13 15:48:37,262 INFO o.a.j.s.SaveService: Using SaveService properties version 5.0
2025-04-13 15:48:37,262 INFO o.a.j.s.SaveService: Using SaveService properties file encoding UTF-8
2025-04-13 15:48:37,263 INFO o.a.j.s.SaveService: Loading file: /Users/connorleung/Documents/GitHub/cs4218-2420-ecom-project-team22/performance-tests/connor/LoadTesting.jmx
2025-04-13 15:48:37,299 INFO o.a.j.p.h.s.HTTPSamplerBase: Parser for text/html is org.apache.jmeter.protocol.http.parser.LagartoBasedHtmlParser
2025-04-13 15:48:37,299 INFO o.a.j.p.h.s.HTTPSamplerBase: Parser for application/xhtml+xml is org.apache.jmeter.protocol.http.parser.LagartoBasedHtmlParser
2025-04-13 15:48:37,299 INFO o.a.j.p.h.s.HTTPSamplerBase: Parser for application/xml is org.apache.jmeter.protocol.http.parser.LagartoBasedHtmlParser
2025-04-13 15:48:37,299 INFO o.a.j.p.h.s.HTTPSamplerBase: Parser for text/xml is org.apache.jmeter.protocol.http.parser.LagartoBasedHtmlParser
2025-04-13 15:48:37,299 INFO o.a.j.p.h.s.HTTPSamplerBase: Parser for text/vnd.wap.wml is org.apache.jmeter.protocol.http.parser.RegexpHTMLParser
2025-04-13 15:48:37,299 INFO o.a.j.p.h.s.HTTPSamplerBase: Parser for text/css is org.apache.jmeter.protocol.http.parser.CssParser
2025-04-13 15:48:37,436 INFO o.a.j.s.FileServer: Set new base='/Users/connorleung/Documents/GitHub/cs4218-2420-ecom-project-team22/performance-tests/connor'
2025-04-13 15:48:46,471 INFO o.a.j.e.StandardJMeterEngine: Running the test!
2025-04-13 15:48:46,471 INFO o.a.j.s.SampleEvent: List of sample_variables: []
2025-04-13 15:48:46,472 INFO o.a.j.s.SampleEvent: List of sample_variables: []
2025-04-13 15:48:46,472 INFO o.a.j.e.u.CompoundVariable: Note: Function class names must contain the string: '.functions.'
2025-04-13 15:48:46,472 INFO o.a.j.e.u.CompoundVariable: Note: Function class names must not contain the string: '.gui.'
2025-04-13 15:48:46,490 INFO o.a.j.r.ClassFinder: Will scan jar /opt/homebrew/Cellar/jmeter/5.6.3/libexec/lib/ext/jmeter-plugins-manager-1.9.jar with filter ExtendsClassFilter [parents=[interface org.apache.jmeter.functions.Function], inner=false, contains=null, notContains=null]. Consider exposing JMeter plugins via META-INF/services, and add JMeter-Skip-Class-Scanning=true manifest attribute so JMeter can skip classfile scanning
2025-04-13 15:48:46,498 INFO o.a.j.g.u.JMeterMenuBar: setRunning(true, *local*)
2025-04-13 15:48:46,517 INFO o.a.j.e.StandardJMeterEngine: Starting ThreadGroup: 1 : Thread Group
2025-04-13 15:48:46,517 INFO o.a.j.e.StandardJMeterEngine: Starting 100 threads for group Thread Group.
2025-04-13 15:48:46,517 INFO o.a.j.e.StandardJMeterEngine: Thread will continue on error
2025-04-13 15:48:46,517 INFO o.a.j.t.ThreadGroup: Starting thread group... number=1 threads=100 ramp-up=10 delayedStart=false
2025-04-13 15:48:46,521 INFO o.a.j.t.JMeterThread: Thread started: Thread Group 1-1
2025-04-13 15:48:46,522 INFO o.a.j.s.FileServer: Stored: /Users/connorleung/Documents/GitHub/cs4218-2420-ecom-project-team22/performance-tests/connor/search_slugs.csv
2025-04-13 15:48:46,524 INFO o.a.j.s.FileServer: Stored: /Users/connorleung/Documents/GitHub/cs4218-2420-ecom-project-team22/performance-tests/connor/category_slugs.csv
2025-04-13 15:48:46,525 INFO o.a.j.s.FileServer: Stored: /Users/connorleung/Documents/GitHub/cs4218-2420-ecom-project-team22/performance-tests/connor/product_slugs.csv
2025-04-13 15:48:46,534 INFO o.a.j.t.ThreadGroup: Started thread group number 1
2025-04-13 15:48:46,534 INFO o.a.j.e.StandardJMeterEngine: All thread groups have been started
2025-04-13 15:48:46,625 INFO o.a.j.t.JMeterThread: Thread started: Thread Group 1-2
2025-04-13 15:48:46,725 INFO o.a.j.t.JMeterThread: Thread started: Thread Group 1-3
2025-04-13 15:48:46,823 INFO o.a.j.t.JMeterThread: Thread started: Thread Group 1-4
2025-04-13 15:48:46,832 INFO o.a.j.p.h.s.HTTPHCAbstractImpl: Local host = Connors-MacBook-Pro-3.local
2025-04-13 15:48:46,835 INFO o.a.j.p.h.s.HTTPHC4Impl: HTTP request retry count = 0
2025-04-13 15:48:46,836 INFO o.a.j.s.SampleResult: Note: Sample TimeStamps are START times
2025-04-13 15:48:46,836 INFO o.a.j.s.SampleResult: sampleresult.default.encoding is set to UTF-8
2025-04-13 15:48:46,836 INFO o.a.j.s.SampleResult: sampleresult.useNanoTime=true
2025-04-13 15:48:46,836 INFO o.a.j.s.SampleResult: sampleresult.nanoThreadSleep=5000
2025-04-13 15:48:46,921 INFO o.a.j.t.JMeterThread: Thread started: Thread Group 1-5
2025-04-13 15:48:47,020 INFO o.a.j.t.JMeterThread: Thread started: Thread Group 1-6
2025-04-13 15:48:47,124 INFO o.a.j.t.JMeterThread: Thread started: Thread Group 1-7
2025-04-13 15:48:47,219 INFO o.a.j.t.JMeterThread: Thread started: Thread Group 1-8
2025-04-13 15:48:47,323 INFO o.a.j.t.JMeterThread: Thread started: Thread Group 1-9
2025-04-13 15:48:47,419 INFO o.a.j.t.JMeterThread: Thread started: Thread Group 1-10
2025-04-13 15:48:47,522 INFO o.a.j.t.JMeterThread: Thread started: Thread Group 1-11
2025-04-13 15:48:47,619 INFO o.a.j.t.JMeterThread: Thread started: Thread Group 1-12
2025-04-13 15:48:47,722 INFO o.a.j.t.JMeterThread: Thread started: Thread Group 1-13
2025-04-13 15:48:47,819 INFO o.a.j.t.JMeterThread: Thread started: Thread Group 1-14
2025-04-13 15:48:47,922 INFO o.a.j.t.JMeterThread: Thread started: Thread Group 1-15
2025-04-13 15:48:48,023 INFO o.a.j.t.JMeterThread: Thread started: Thread Group 1-16
2025-04-13 15:48:48,118 INFO o.a.j.t.JMeterThread: Thread started: Thread Group 1-17
2025-04-13 15:48:48,222 INFO o.a.j.t.JMeterThread: Thread started: Thread Group 1-18
2025-04-13 15:48:48,323 INFO o.a.j.t.JMeterThread: Thread started: Thread Group 1-19
2025-04-13 15:48:48,423 INFO o.a.j.t.JMeterThread: Thread started: Thread Group 1-20
2025-04-13 15:48:48,521 INFO o.a.j.t.JMeterThread: Thread started: Thread Group 1-21
2025-04-13 15:48:48,622 INFO o.a.j.t.JMeterThread: Thread started: Thread Group 1-22
2025-04-13 15:48:48,720 INFO o.a.j.t.JMeterThread: Thread started: Thread Group 1-23
2025-04-13 15:48:48,822 INFO o.a.j.t.JMeterThread: Thread started: Thread Group 1-24
2025-04-13 15:48:48,919 INFO o.a.j.t.JMeterThread: Thread started: Thread Group 1-25
2025-04-13 15:48:49,022 INFO o.a.j.t.JMeterThread: Thread started: Thread Group 1-26
2025-04-13 15:48:49,122 INFO o.a.j.t.JMeterThread: Thread started: Thread Group 1-27
2025-04-13 15:48:49,223 INFO o.a.j.t.JMeterThread: Thread started: Thread Group 1-28
2025-04-13 15:48:49,322 INFO o.a.j.t.JMeterThread: Thread started: Thread Group 1-29
2025-04-13 15:48:49,421 INFO o.a.j.t.JMeterThread: Thread started: Thread Group 1-30
2025-04-13 15:48:49,521 INFO o.a.j.t.JMeterThread: Thread started: Thread Group 1-31
2025-04-13 15:48:49,619 INFO o.a.j.t.JMeterThread: Thread started: Thread Group 1-32
2025-04-13 15:48:49,723 INFO o.a.j.t.JMeterThread: Thread started: Thread Group 1-33
2025-04-13 15:48:49,821 INFO o.a.j.t.JMeterThread: Thread started: Thread Group 1-34
2025-04-13 15:48:49,919 INFO o.a.j.t.JMeterThread: Thread started: Thread Group 1-35
2025-04-13 15:48:50,024 INFO o.a.j.t.JMeterThread: Thread started: Thread Group 1-36
2025-04-13 15:48:50,122 INFO o.a.j.t.JMeterThread: Thread started: Thread Group 1-37
2025-04-13 15:48:50,217 INFO o.a.j.t.JMeterThread: Thread started: Thread Group 1-38
2025-04-13 15:48:50,319 INFO o.a.j.t.JMeterThread: Thread started: Thread Group 1-39
2025-04-13 15:48:50,419 INFO o.a.j.t.JMeterThread: Thread started: Thread Group 1-40
2025-04-13 15:48:50,519 INFO o.a.j.t.JMeterThread: Thread started: Thread Group 1-41
2025-04-13 15:48:50,623 INFO o.a.j.t.JMeterThread: Thread started: Thread Group 1-42
2025-04-13 15:48:50,724 INFO o.a.j.t.JMeterThread: Thread started: Thread Group 1-43
2025-04-13 15:48:50,824 INFO o.a.j.t.JMeterThread: Thread started: Thread Group 1-44
2025-04-13 15:48:50,923 INFO o.a.j.t.JMeterThread: Thread started: Thread Group 1-45
2025-04-13 15:48:51,022 INFO o.a.j.t.JMeterThread: Thread started: Thread Group 1-46
2025-04-13 15:48:51,119 INFO o.a.j.t.JMeterThread: Thread started: Thread Group 1-47
2025-04-13 15:48:51,219 INFO o.a.j.t.JMeterThread: Thread started: Thread Group 1-48
2025-04-13 15:48:51,318 INFO o.a.j.t.JMeterThread: Thread started: Thread Group 1-49
2025-04-13 15:48:51,423 INFO o.a.j.t.JMeterThread: Thread started: Thread Group 1-50
2025-04-13 15:48:51,522 INFO o.a.j.t.JMeterThread: Thread started: Thread Group 1-51
2025-04-13 15:48:51,622 INFO o.a.j.t.JMeterThread: Thread started: Thread Group 1-52
2025-04-13 15:48:51,719 INFO o.a.j.t.JMeterThread: Thread started: Thread Group 1-53
2025-04-13 15:48:51,818 INFO o.a.j.t.JMeterThread: Thread started: Thread Group 1-54
2025-04-13 15:48:51,919 INFO o.a.j.t.JMeterThread: Thread started: Thread Group 1-55
2025-04-13 15:48:52,022 INFO o.a.j.t.JMeterThread: Thread started: Thread Group 1-56
2025-04-13 15:48:52,122 INFO o.a.j.t.JMeterThread: Thread started: Thread Group 1-57
2025-04-13 15:48:52,220 INFO o.a.j.t.JMeterThread: Thread started: Thread Group 1-58
2025-04-13 15:48:52,323 INFO o.a.j.t.JMeterThread: Thread started: Thread Group 1-59
2025-04-13 15:48:52,422 INFO o.a.j.t.JMeterThread: Thread started: Thread Group 1-60
2025-04-13 15:48:52,522 INFO o.a.j.t.JMeterThread: Thread started: Thread Group 1-61
2025-04-13 15:48:52,619 INFO o.a.j.t.JMeterThread: Thread started: Thread Group 1-62
2025-04-13 15:48:52,719 INFO o.a.j.t.JMeterThread: Thread started: Thread Group 1-63
2025-04-13 15:48:52,822 INFO o.a.j.t.JMeterThread: Thread started: Thread Group 1-64
2025-04-13 15:48:52,922 INFO o.a.j.t.JMeterThread: Thread started: Thread Group 1-65
2025-04-13 15:48:53,022 INFO o.a.j.t.JMeterThread: Thread started: Thread Group 1-66
2025-04-13 15:48:53,123 INFO o.a.j.t.JMeterThread: Thread started: Thread Group 1-67
2025-04-13 15:48:53,222 INFO o.a.j.t.JMeterThread: Thread started: Thread Group 1-68
2025-04-13 15:48:53,322 INFO o.a.j.t.JMeterThread: Thread started: Thread Group 1-69
2025-04-13 15:48:53,422 INFO o.a.j.t.JMeterThread: Thread started: Thread Group 1-70
2025-04-13 15:48:53,519 INFO o.a.j.t.JMeterThread: Thread started: Thread Group 1-71
2025-04-13 15:48:53,622 INFO o.a.j.t.JMeterThread: Thread started: Thread Group 1-72
2025-04-13 15:48:53,722 INFO o.a.j.t.JMeterThread: Thread started: Thread Group 1-73
2025-04-13 15:48:53,819 INFO o.a.j.t.JMeterThread: Thread started: Thread Group 1-74
2025-04-13 15:48:53,919 INFO o.a.j.t.JMeterThread: Thread started: Thread Group 1-75
2025-04-13 15:48:54,023 INFO o.a.j.t.JMeterThread: Thread started: Thread Group 1-76
2025-04-13 15:48:54,119 INFO o.a.j.t.JMeterThread: Thread started: Thread Group 1-77
2025-04-13 15:48:54,219 INFO o.a.j.t.JMeterThread: Thread started: Thread Group 1-78
2025-04-13 15:48:54,322 INFO o.a.j.t.JMeterThread: Thread started: Thread Group 1-79
2025-04-13 15:48:54,420 INFO o.a.j.t.JMeterThread: Thread started: Thread Group 1-80
2025-04-13 15:48:54,521 INFO o.a.j.t.JMeterThread: Thread started: Thread Group 1-81
2025-04-13 15:48:54,622 INFO o.a.j.t.JMeterThread: Thread started: Thread Group 1-82
2025-04-13 15:48:54,722 INFO o.a.j.t.JMeterThread: Thread started: Thread Group 1-83
2025-04-13 15:48:54,819 INFO o.a.j.t.JMeterThread: Thread started: Thread Group 1-84
2025-04-13 15:48:54,923 INFO o.a.j.t.JMeterThread: Thread started: Thread Group 1-85
2025-04-13 15:48:55,019 INFO o.a.j.t.JMeterThread: Thread started: Thread Group 1-86
2025-04-13 15:48:55,121 INFO o.a.j.t.JMeterThread: Thread started: Thread Group 1-87
2025-04-13 15:48:55,221 INFO o.a.j.t.JMeterThread: Thread started: Thread Group 1-88
2025-04-13 15:48:55,319 INFO o.a.j.t.JMeterThread: Thread started: Thread Group 1-89
2025-04-13 15:48:55,419 INFO o.a.j.t.JMeterThread: Thread started: Thread Group 1-90
2025-04-13 15:48:55,523 INFO o.a.j.t.JMeterThread: Thread started: Thread Group 1-91
2025-04-13 15:48:55,618 INFO o.a.j.t.JMeterThread: Thread started: Thread Group 1-92
2025-04-13 15:48:55,719 INFO o.a.j.t.JMeterThread: Thread started: Thread Group 1-93
2025-04-13 15:48:55,820 INFO o.a.j.t.JMeterThread: Thread started: Thread Group 1-94
2025-04-13 15:48:55,923 INFO o.a.j.t.JMeterThread: Thread started: Thread Group 1-95
2025-04-13 15:48:56,022 INFO o.a.j.t.JMeterThread: Thread started: Thread Group 1-96
2025-04-13 15:48:56,122 INFO o.a.j.t.JMeterThread: Thread started: Thread Group 1-97
2025-04-13 15:48:56,222 INFO o.a.j.t.JMeterThread: Thread started: Thread Group 1-98
2025-04-13 15:48:56,317 INFO o.a.j.t.JMeterThread: Thread started: Thread Group 1-99
2025-04-13 15:48:56,422 INFO o.a.j.t.JMeterThread: Thread started: Thread Group 1-100
2025-04-13 15:52:05,933 INFO o.a.j.t.JMeterThread: Thread is done: Thread Group 1-17
2025-04-13 15:52:05,934 INFO o.a.j.t.JMeterThread: Thread finished: Thread Group 1-17
2025-04-13 15:52:06,665 INFO o.a.j.t.JMeterThread: Thread is done: Thread Group 1-5
2025-04-13 15:52:06,665 INFO o.a.j.t.JMeterThread: Thread finished: Thread Group 1-5
2025-04-13 15:52:06,848 INFO o.a.j.t.JMeterThread: Thread is done: Thread Group 1-1
2025-04-13 15:52:06,849 INFO o.a.j.t.JMeterThread: Thread finished: Thread Group 1-1
2025-04-13 15:52:07,341 INFO o.a.j.t.JMeterThread: Thread is done: Thread Group 1-13
2025-04-13 15:52:07,342 INFO o.a.j.t.JMeterThread: Thread finished: Thread Group 1-13
2025-04-13 15:52:07,653 INFO o.a.j.t.JMeterThread: Thread is done: Thread Group 1-6
2025-04-13 15:52:07,653 INFO o.a.j.t.JMeterThread: Thread finished: Thread Group 1-6
2025-04-13 15:52:07,684 INFO o.a.j.t.JMeterThread: Thread is done: Thread Group 1-11
2025-04-13 15:52:07,684 INFO o.a.j.t.JMeterThread: Thread finished: Thread Group 1-11
2025-04-13 15:52:07,898 INFO o.a.j.t.JMeterThread: Thread is done: Thread Group 1-9
2025-04-13 15:52:07,899 INFO o.a.j.t.JMeterThread: Thread finished: Thread Group 1-9
2025-04-13 15:52:08,146 INFO o.a.j.t.JMeterThread: Thread is done: Thread Group 1-3
2025-04-13 15:52:08,146 INFO o.a.j.t.JMeterThread: Thread finished: Thread Group 1-3
2025-04-13 15:52:08,491 INFO o.a.j.t.JMeterThread: Thread is done: Thread Group 1-12
2025-04-13 15:52:08,491 INFO o.a.j.t.JMeterThread: Thread finished: Thread Group 1-12
2025-04-13 15:52:08,622 INFO o.a.j.t.JMeterThread: Thread is done: Thread Group 1-14
2025-04-13 15:52:08,622 INFO o.a.j.t.JMeterThread: Thread finished: Thread Group 1-14
2025-04-13 15:52:08,699 INFO o.a.j.t.JMeterThread: Thread is done: Thread Group 1-7
2025-04-13 15:52:08,699 INFO o.a.j.t.JMeterThread: Thread finished: Thread Group 1-7
2025-04-13 15:52:08,739 INFO o.a.j.t.JMeterThread: Thread is done: Thread Group 1-22
2025-04-13 15:52:08,739 INFO o.a.j.t.JMeterThread: Thread finished: Thread Group 1-22
2025-04-13 15:52:08,780 INFO o.a.j.t.JMeterThread: Thread is done: Thread Group 1-23
2025-04-13 15:52:08,781 INFO o.a.j.t.JMeterThread: Thread finished: Thread Group 1-23
2025-04-13 15:52:08,995 INFO o.a.j.t.JMeterThread: Thread is done: Thread Group 1-2
2025-04-13 15:52:08,995 INFO o.a.j.t.JMeterThread: Thread finished: Thread Group 1-2
2025-04-13 15:52:09,024 INFO o.a.j.t.JMeterThread: Thread is done: Thread Group 1-57
2025-04-13 15:52:09,024 INFO o.a.j.t.JMeterThread: Thread finished: Thread Group 1-57
2025-04-13 15:52:09,205 INFO o.a.j.t.JMeterThread: Thread is done: Thread Group 1-36
2025-04-13 15:52:09,205 INFO o.a.j.t.JMeterThread: Thread finished: Thread Group 1-36
2025-04-13 15:52:09,492 INFO o.a.j.t.JMeterThread: Thread is done: Thread Group 1-19
2025-04-13 15:52:09,493 INFO o.a.j.t.JMeterThread: Thread finished: Thread Group 1-19
2025-04-13 15:52:09,519 INFO o.a.j.t.JMeterThread: Thread is done: Thread Group 1-4
2025-04-13 15:52:09,520 INFO o.a.j.t.JMeterThread: Thread finished: Thread Group 1-4
2025-04-13 15:52:09,700 INFO o.a.j.t.JMeterThread: Thread is done: Thread Group 1-25
2025-04-13 15:52:09,700 INFO o.a.j.t.JMeterThread: Thread finished: Thread Group 1-25
2025-04-13 15:52:09,753 INFO o.a.j.t.JMeterThread: Thread is done: Thread Group 1-18
2025-04-13 15:52:09,753 INFO o.a.j.t.JMeterThread: Thread finished: Thread Group 1-18
2025-04-13 15:52:10,024 INFO o.a.j.t.JMeterThread: Thread is done: Thread Group 1-8
2025-04-13 15:52:10,024 INFO o.a.j.t.JMeterThread: Thread finished: Thread Group 1-8
2025-04-13 15:52:10,125 INFO o.a.j.t.JMeterThread: Thread is done: Thread Group 1-10
2025-04-13 15:52:10,126 INFO o.a.j.t.JMeterThread: Thread finished: Thread Group 1-10
2025-04-13 15:52:10,145 INFO o.a.j.t.JMeterThread: Thread is done: Thread Group 1-35
2025-04-13 15:52:10,145 INFO o.a.j.t.JMeterThread: Thread finished: Thread Group 1-35
2025-04-13 15:52:10,315 INFO o.a.j.t.JMeterThread: Thread is done: Thread Group 1-42
2025-04-13 15:52:10,316 INFO o.a.j.t.JMeterThread: Thread finished: Thread Group 1-42
2025-04-13 15:52:10,350 INFO o.a.j.t.JMeterThread: Thread is done: Thread Group 1-26
2025-04-13 15:52:10,351 INFO o.a.j.t.JMeterThread: Thread finished: Thread Group 1-26
2025-04-13 15:52:10,446 INFO o.a.j.t.JMeterThread: Thread is done: Thread Group 1-50
2025-04-13 15:52:10,446 INFO o.a.j.t.JMeterThread: Thread finished: Thread Group 1-50
2025-04-13 15:52:10,721 INFO o.a.j.t.JMeterThread: Thread is done: Thread Group 1-24
2025-04-13 15:52:10,722 INFO o.a.j.t.JMeterThread: Thread finished: Thread Group 1-24
2025-04-13 15:52:10,730 INFO o.a.j.t.JMeterThread: Thread is done: Thread Group 1-32
2025-04-13 15:52:10,730 INFO o.a.j.t.JMeterThread: Thread finished: Thread Group 1-32
2025-04-13 15:52:10,913 INFO o.a.j.t.JMeterThread: Thread is done: Thread Group 1-31
2025-04-13 15:52:10,913 INFO o.a.j.t.JMeterThread: Thread finished: Thread Group 1-31
2025-04-13 15:52:10,929 INFO o.a.j.t.JMeterThread: Thread is done: Thread Group 1-30
2025-04-13 15:52:10,930 INFO o.a.j.t.JMeterThread: Thread finished: Thread Group 1-30
2025-04-13 15:52:11,039 INFO o.a.j.t.JMeterThread: Thread is done: Thread Group 1-28
2025-04-13 15:52:11,039 INFO o.a.j.t.JMeterThread: Thread finished: Thread Group 1-28
2025-04-13 15:52:11,049 INFO o.a.j.t.JMeterThread: Thread is done: Thread Group 1-20
2025-04-13 15:52:11,050 INFO o.a.j.t.JMeterThread: Thread finished: Thread Group 1-20
2025-04-13 15:52:11,135 INFO o.a.j.t.JMeterThread: Thread is done: Thread Group 1-55
2025-04-13 15:52:11,135 INFO o.a.j.t.JMeterThread: Thread finished: Thread Group 1-55
2025-04-13 15:52:11,143 INFO o.a.j.t.JMeterThread: Thread is done: Thread Group 1-51
2025-04-13 15:52:11,143 INFO o.a.j.t.JMeterThread: Thread finished: Thread Group 1-51
2025-04-13 15:52:11,157 INFO o.a.j.t.JMeterThread: Thread is done: Thread Group 1-40
2025-04-13 15:52:11,157 INFO o.a.j.t.JMeterThread: Thread finished: Thread Group 1-40
2025-04-13 15:52:11,240 INFO o.a.j.t.JMeterThread: Thread is done: Thread Group 1-47
2025-04-13 15:52:11,241 INFO o.a.j.t.JMeterThread: Thread finished: Thread Group 1-47
2025-04-13 15:52:11,347 INFO o.a.j.t.JMeterThread: Thread is done: Thread Group 1-37
2025-04-13 15:52:11,347 INFO o.a.j.t.JMeterThread: Thread finished: Thread Group 1-37
2025-04-13 15:52:11,437 INFO o.a.j.t.JMeterThread: Thread is done: Thread Group 1-21
2025-04-13 15:52:11,438 INFO o.a.j.t.JMeterThread: Thread finished: Thread Group 1-21
2025-04-13 15:52:11,544 INFO o.a.j.t.JMeterThread: Thread is done: Thread Group 1-16
2025-04-13 15:52:11,544 INFO o.a.j.t.JMeterThread: Thread finished: Thread Group 1-16
2025-04-13 15:52:11,553 INFO o.a.j.t.JMeterThread: Thread is done: Thread Group 1-15
2025-04-13 15:52:11,554 INFO o.a.j.t.JMeterThread: Thread finished: Thread Group 1-15
2025-04-13 15:52:11,664 INFO o.a.j.t.JMeterThread: Thread is done: Thread Group 1-34
2025-04-13 15:52:11,664 INFO o.a.j.t.JMeterThread: Thread finished: Thread Group 1-34
2025-04-13 15:52:11,754 INFO o.a.j.t.JMeterThread: Thread is done: Thread Group 1-48
2025-04-13 15:52:11,754 INFO o.a.j.t.JMeterThread: Thread finished: Thread Group 1-48
2025-04-13 15:52:11,854 INFO o.a.j.t.JMeterThread: Thread is done: Thread Group 1-33
2025-04-13 15:52:11,854 INFO o.a.j.t.JMeterThread: Thread finished: Thread Group 1-33
2025-04-13 15:52:11,861 INFO o.a.j.t.JMeterThread: Thread is done: Thread Group 1-27
2025-04-13 15:52:11,861 INFO o.a.j.t.JMeterThread: Thread finished: Thread Group 1-27
2025-04-13 15:52:11,945 INFO o.a.j.t.JMeterThread: Thread is done: Thread Group 1-68
2025-04-13 15:52:11,945 INFO o.a.j.t.JMeterThread: Thread finished: Thread Group 1-68
2025-04-13 15:52:11,972 INFO o.a.j.t.JMeterThread: Thread is done: Thread Group 1-53
2025-04-13 15:52:11,973 INFO o.a.j.t.JMeterThread: Thread finished: Thread Group 1-53
2025-04-13 15:52:12,002 INFO o.a.j.t.JMeterThread: Thread is done: Thread Group 1-29
2025-04-13 15:52:12,003 INFO o.a.j.t.JMeterThread: Thread finished: Thread Group 1-29
2025-04-13 15:52:12,048 INFO o.a.j.t.JMeterThread: Thread is done: Thread Group 1-65
2025-04-13 15:52:12,049 INFO o.a.j.t.JMeterThread: Thread finished: Thread Group 1-65
2025-04-13 15:52:12,062 INFO o.a.j.t.JMeterThread: Thread is done: Thread Group 1-49
2025-04-13 15:52:12,063 INFO o.a.j.t.JMeterThread: Thread is done: Thread Group 1-43
2025-04-13 15:52:12,063 INFO o.a.j.t.JMeterThread: Thread finished: Thread Group 1-49
2025-04-13 15:52:12,063 INFO o.a.j.t.JMeterThread: Thread finished: Thread Group 1-43
2025-04-13 15:52:12,159 INFO o.a.j.t.JMeterThread: Thread is done: Thread Group 1-66
2025-04-13 15:52:12,159 INFO o.a.j.t.JMeterThread: Thread finished: Thread Group 1-66
2025-04-13 15:52:12,375 INFO o.a.j.t.JMeterThread: Thread is done: Thread Group 1-41
2025-04-13 15:52:12,376 INFO o.a.j.t.JMeterThread: Thread finished: Thread Group 1-41
2025-04-13 15:52:12,377 INFO o.a.j.t.JMeterThread: Thread is done: Thread Group 1-52
2025-04-13 15:52:12,377 INFO o.a.j.t.JMeterThread: Thread finished: Thread Group 1-52
2025-04-13 15:52:12,580 INFO o.a.j.t.JMeterThread: Thread is done: Thread Group 1-46
2025-04-13 15:52:12,581 INFO o.a.j.t.JMeterThread: Thread finished: Thread Group 1-46
2025-04-13 15:52:12,587 INFO o.a.j.t.JMeterThread: Thread is done: Thread Group 1-39
2025-04-13 15:52:12,588 INFO o.a.j.t.JMeterThread: Thread finished: Thread Group 1-39
2025-04-13 15:52:12,757 INFO o.a.j.t.JMeterThread: Thread is done: Thread Group 1-56
2025-04-13 15:52:12,758 INFO o.a.j.t.JMeterThread: Thread finished: Thread Group 1-56
2025-04-13 15:52:12,885 INFO o.a.j.t.JMeterThread: Thread is done: Thread Group 1-38
2025-04-13 15:52:12,886 INFO o.a.j.t.JMeterThread: Thread finished: Thread Group 1-38
2025-04-13 15:52:13,168 INFO o.a.j.t.JMeterThread: Thread is done: Thread Group 1-58
2025-04-13 15:52:13,169 INFO o.a.j.t.JMeterThread: Thread finished: Thread Group 1-58
2025-04-13 15:52:13,393 INFO o.a.j.t.JMeterThread: Thread is done: Thread Group 1-45
2025-04-13 15:52:13,393 INFO o.a.j.t.JMeterThread: Thread finished: Thread Group 1-45
2025-04-13 15:52:13,484 INFO o.a.j.t.JMeterThread: Thread is done: Thread Group 1-59
2025-04-13 15:52:13,485 INFO o.a.j.t.JMeterThread: Thread finished: Thread Group 1-59
2025-04-13 15:52:13,583 INFO o.a.j.t.JMeterThread: Thread is done: Thread Group 1-63
2025-04-13 15:52:13,583 INFO o.a.j.t.JMeterThread: Thread finished: Thread Group 1-63
2025-04-13 15:52:13,789 INFO o.a.j.t.JMeterThread: Thread is done: Thread Group 1-74
2025-04-13 15:52:13,789 INFO o.a.j.t.JMeterThread: Thread finished: Thread Group 1-74
2025-04-13 15:52:13,803 INFO o.a.j.t.JMeterThread: Thread is done: Thread Group 1-67
2025-04-13 15:52:13,803 INFO o.a.j.t.JMeterThread: Thread finished: Thread Group 1-67
2025-04-13 15:52:13,984 INFO o.a.j.t.JMeterThread: Thread is done: Thread Group 1-62
2025-04-13 15:52:13,985 INFO o.a.j.t.JMeterThread: Thread finished: Thread Group 1-62
2025-04-13 15:52:14,306 INFO o.a.j.t.JMeterThread: Thread is done: Thread Group 1-85
2025-04-13 15:52:14,307 INFO o.a.j.t.JMeterThread: Thread finished: Thread Group 1-85
2025-04-13 15:52:14,450 INFO o.a.j.t.JMeterThread: Thread is done: Thread Group 1-86
2025-04-13 15:52:14,450 INFO o.a.j.t.JMeterThread: Thread finished: Thread Group 1-86
2025-04-13 15:52:14,451 INFO o.a.j.t.JMeterThread: Thread is done: Thread Group 1-72
2025-04-13 15:52:14,451 INFO o.a.j.t.JMeterThread: Thread finished: Thread Group 1-72
2025-04-13 15:52:14,526 INFO o.a.j.t.JMeterThread: Thread is done: Thread Group 1-71
2025-04-13 15:52:14,527 INFO o.a.j.t.JMeterThread: Thread finished: Thread Group 1-71
2025-04-13 15:52:14,536 INFO o.a.j.t.JMeterThread: Thread is done: Thread Group 1-44
2025-04-13 15:52:14,537 INFO o.a.j.t.JMeterThread: Thread finished: Thread Group 1-44
2025-04-13 15:52:14,636 INFO o.a.j.t.JMeterThread: Thread is done: Thread Group 1-61
2025-04-13 15:52:14,636 INFO o.a.j.t.JMeterThread: Thread finished: Thread Group 1-61
2025-04-13 15:52:14,709 INFO o.a.j.t.JMeterThread: Thread is done: Thread Group 1-81
2025-04-13 15:52:14,709 INFO o.a.j.t.JMeterThread: Thread finished: Thread Group 1-81
2025-04-13 15:52:14,754 INFO o.a.j.t.JMeterThread: Thread is done: Thread Group 1-64
2025-04-13 15:52:14,754 INFO o.a.j.t.JMeterThread: Thread finished: Thread Group 1-64
2025-04-13 15:52:15,033 INFO o.a.j.t.JMeterThread: Thread is done: Thread Group 1-80
2025-04-13 15:52:15,033 INFO o.a.j.t.JMeterThread: Thread finished: Thread Group 1-80
2025-04-13 15:52:15,033 INFO o.a.j.t.JMeterThread: Thread is done: Thread Group 1-79
2025-04-13 15:52:15,033 INFO o.a.j.t.JMeterThread: Thread finished: Thread Group 1-79
2025-04-13 15:52:15,198 INFO o.a.j.t.JMeterThread: Thread is done: Thread Group 1-75
2025-04-13 15:52:15,198 INFO o.a.j.t.JMeterThread: Thread finished: Thread Group 1-75
2025-04-13 15:52:15,330 INFO o.a.j.t.JMeterThread: Thread is done: Thread Group 1-76
2025-04-13 15:52:15,331 INFO o.a.j.t.JMeterThread: Thread finished: Thread Group 1-76
2025-04-13 15:52:15,335 INFO o.a.j.t.JMeterThread: Thread is done: Thread Group 1-89
2025-04-13 15:52:15,335 INFO o.a.j.t.JMeterThread: Thread finished: Thread Group 1-89
2025-04-13 15:52:15,394 INFO o.a.j.t.JMeterThread: Thread is done: Thread Group 1-98
2025-04-13 15:52:15,394 INFO o.a.j.t.JMeterThread: Thread finished: Thread Group 1-98
2025-04-13 15:52:15,397 INFO o.a.j.t.JMeterThread: Thread is done: Thread Group 1-83
2025-04-13 15:52:15,397 INFO o.a.j.t.JMeterThread: Thread finished: Thread Group 1-83
2025-04-13 15:52:15,556 INFO o.a.j.t.JMeterThread: Thread is done: Thread Group 1-70
2025-04-13 15:52:15,556 INFO o.a.j.t.JMeterThread: Thread finished: Thread Group 1-70
2025-04-13 15:52:15,655 INFO o.a.j.t.JMeterThread: Thread is done: Thread Group 1-54
2025-04-13 15:52:15,656 INFO o.a.j.t.JMeterThread: Thread finished: Thread Group 1-54
2025-04-13 15:52:15,657 INFO o.a.j.t.JMeterThread: Thread is done: Thread Group 1-78
2025-04-13 15:52:15,657 INFO o.a.j.t.JMeterThread: Thread finished: Thread Group 1-78
2025-04-13 15:52:15,869 INFO o.a.j.t.JMeterThread: Thread is done: Thread Group 1-60
2025-04-13 15:52:15,869 INFO o.a.j.t.JMeterThread: Thread finished: Thread Group 1-60
2025-04-13 15:52:15,980 INFO o.a.j.t.JMeterThread: Thread is done: Thread Group 1-84
2025-04-13 15:52:15,980 INFO o.a.j.t.JMeterThread: Thread finished: Thread Group 1-84
2025-04-13 15:52:16,279 INFO o.a.j.t.JMeterThread: Thread is done: Thread Group 1-82
2025-04-13 15:52:16,279 INFO o.a.j.t.JMeterThread: Thread is done: Thread Group 1-69
2025-04-13 15:52:16,279 INFO o.a.j.t.JMeterThread: Thread finished: Thread Group 1-82
2025-04-13 15:52:16,279 INFO o.a.j.t.JMeterThread: Thread finished: Thread Group 1-69
2025-04-13 15:52:16,287 INFO o.a.j.t.JMeterThread: Thread is done: Thread Group 1-88
2025-04-13 15:52:16,287 INFO o.a.j.t.JMeterThread: Thread finished: Thread Group 1-88
2025-04-13 15:52:16,394 INFO o.a.j.t.JMeterThread: Thread is done: Thread Group 1-97
2025-04-13 15:52:16,394 INFO o.a.j.t.JMeterThread: Thread finished: Thread Group 1-97
2025-04-13 15:52:16,469 INFO o.a.j.t.JMeterThread: Thread is done: Thread Group 1-90
2025-04-13 15:52:16,470 INFO o.a.j.t.JMeterThread: Thread finished: Thread Group 1-90
2025-04-13 15:52:16,552 INFO o.a.j.t.JMeterThread: Thread is done: Thread Group 1-77
2025-04-13 15:52:16,552 INFO o.a.j.t.JMeterThread: Thread finished: Thread Group 1-77
2025-04-13 15:52:16,677 INFO o.a.j.t.JMeterThread: Thread is done: Thread Group 1-87
2025-04-13 15:52:16,677 INFO o.a.j.t.JMeterThread: Thread finished: Thread Group 1-87
2025-04-13 15:52:16,871 INFO o.a.j.t.JMeterThread: Thread is done: Thread Group 1-91
2025-04-13 15:52:16,871 INFO o.a.j.t.JMeterThread: Thread finished: Thread Group 1-91
2025-04-13 15:52:16,876 INFO o.a.j.t.JMeterThread: Thread is done: Thread Group 1-73
2025-04-13 15:52:16,876 INFO o.a.j.t.JMeterThread: Thread finished: Thread Group 1-73
2025-04-13 15:52:17,128 INFO o.a.j.t.JMeterThread: Thread is done: Thread Group 1-92
2025-04-13 15:52:17,128 INFO o.a.j.t.JMeterThread: Thread finished: Thread Group 1-92
2025-04-13 15:52:17,165 INFO o.a.j.t.JMeterThread: Thread is done: Thread Group 1-99
2025-04-13 15:52:17,165 INFO o.a.j.t.JMeterThread: Thread finished: Thread Group 1-99
2025-04-13 15:52:17,222 INFO o.a.j.t.JMeterThread: Thread is done: Thread Group 1-96
2025-04-13 15:52:17,222 INFO o.a.j.t.JMeterThread: Thread finished: Thread Group 1-96
2025-04-13 15:52:17,714 INFO o.a.j.t.JMeterThread: Thread is done: Thread Group 1-100
2025-04-13 15:52:17,715 INFO o.a.j.t.JMeterThread: Thread finished: Thread Group 1-100
2025-04-13 15:52:17,917 INFO o.a.j.t.JMeterThread: Thread is done: Thread Group 1-94
2025-04-13 15:52:17,917 INFO o.a.j.t.JMeterThread: Thread finished: Thread Group 1-94
2025-04-13 15:52:18,131 INFO o.a.j.t.JMeterThread: Thread is done: Thread Group 1-95
2025-04-13 15:52:18,132 INFO o.a.j.t.JMeterThread: Thread finished: Thread Group 1-95
2025-04-13 15:52:19,032 INFO o.a.j.t.JMeterThread: Thread is done: Thread Group 1-93
2025-04-13 15:52:19,032 INFO o.a.j.t.JMeterThread: Thread finished: Thread Group 1-93
2025-04-13 15:52:19,033 INFO o.a.j.e.StandardJMeterEngine: Notifying test listeners of end of test
2025-04-13 15:52:19,034 INFO o.a.j.s.FileServer: Close: /Users/connorleung/Documents/GitHub/cs4218-2420-ecom-project-team22/performance-tests/connor/search_slugs.csv
2025-04-13 15:52:19,034 INFO o.a.j.s.FileServer: Close: /Users/connorleung/Documents/GitHub/cs4218-2420-ecom-project-team22/performance-tests/connor/product_slugs.csv
2025-04-13 15:52:19,034 INFO o.a.j.s.FileServer: Close: /Users/connorleung/Documents/GitHub/cs4218-2420-ecom-project-team22/performance-tests/connor/category_slugs.csv
2025-04-13 15:52:19,036 INFO o.a.j.g.u.JMeterMenuBar: setRunning(false, *local*)
2025-04-13 16:13:20,035 INFO o.a.j.g.a.What: TestElement: class org.apache.jmeter.reporters.ResultCollector, guiClassName: org.apache.jmeter.visualizers.GraphVisualizer
